<?xml version="1.0" encoding="UTF-8"?>

<mule xmlns:cxf="http://www.mulesoft.org/schema/mule/cxf"
	xmlns="http://www.mulesoft.org/schema/mule/core" xmlns:doc="http://www.mulesoft.org/schema/mule/documentation" xmlns:spring="http://www.springframework.org/schema/beans" version="EE-3.4.0" xmlns:xsi="http://www.w3.org/2001/XMLSchema-instance" xsi:schemaLocation="http://www.mulesoft.org/schema/mule/cxf http://www.mulesoft.org/schema/mule/cxf/current/mule-cxf.xsd
http://www.springframework.org/schema/beans http://www.springframework.org/schema/beans/spring-beans-current.xsd
http://www.mulesoft.org/schema/mule/core http://www.mulesoft.org/schema/mule/core/current/mule.xsd">

	<flow name="Flow1" doc:name="Flow1">
		<inbound-endpoint address="http://localhost:65062/vcc" exchange-pattern="request-response" doc:name="Generic"/>
		<logger message="Flow1 In" level="ERROR" />
		<flow-ref name="GalaxyService"/>
<!-- 		<outbound-endpoint address="http://localhost:65062/galaxy" exchange-pattern="request-response" doc:name="Generic"/> -->
		<logger message="Flow1 Out" level="ERROR"/>
   	</flow>

	<flow name="GalaxyService" doc:name="GalaxyService">
		<inbound-endpoint address="http://localhost:65062/galaxy" doc:name="Generic"/>
		<logger message="GalaxyService In"  level="ERROR"/>
		<cxf:jaxws-service serviceClass="ua.org.gostroy.mule_example_echo.service.Echo" doc:name="SOAP"/>
        <component doc:name="Java">
            <singleton-object class="ua.org.gostroy.mule_example_echo.service.Echo" />
        </component>
		<logger message="GalaxyService Out" level="ERROR" />
   	</flow>

</mule>
